[17-May-2022 07:29:43 UTC] PHP Warning:  PHP Startup: Unable to load dynamic library 'php_imagick.dll' (tried: C:/Fejlesztes/Local/resources/extraResources/lightning-services/php-7.4.1+18/bin/win64/ext\php_imagick.dll (A megadott modul nem található.), C:/Fejlesztes/Local/resources/extraResources/lightning-services/php-7.4.1+18/bin/win64/ext\php_php_imagick.dll.dll (A megadott modul nem található.)) in Unknown on line 0
[17-May-2022 07:29:43 UTC] PHP Warning:  PHP Startup: Unable to load dynamic library 'php_imagick.dll' (tried: C:/Fejlesztes/Local/resources/extraResources/lightning-services/php-7.4.1+18/bin/win64/ext\php_imagick.dll (A megadott modul nem található.), C:/Fejlesztes/Local/resources/extraResources/lightning-services/php-7.4.1+18/bin/win64/ext\php_php_imagick.dll.dll (A megadott modul nem található.)) in Unknown on line 0
[17-May-2022 07:29:43 UTC] PHP Warning:  PHP Startup: Unable to load dynamic library 'php_imagick.dll' (tried: C:/Fejlesztes/Local/resources/extraResources/lightning-services/php-7.4.1+18/bin/win64/ext\php_imagick.dll (A megadott modul nem található.), C:/Fejlesztes/Local/resources/extraResources/lightning-services/php-7.4.1+18/bin/win64/ext\php_php_imagick.dll.dll (A megadott modul nem található.)) in Unknown on line 0
[17-May-2022 07:29:43 UTC] PHP Warning:  PHP Startup: Unable to load dynamic library 'php_imagick.dll' (tried: C:/Fejlesztes/Local/resources/extraResources/lightning-services/php-7.4.1+18/bin/win64/ext\php_imagick.dll (A megadott modul nem található.), C:/Fejlesztes/Local/resources/extraResources/lightning-services/php-7.4.1+18/bin/win64/ext\php_php_imagick.dll.dll (A megadott modul nem található.)) in Unknown on line 0
[17-May-2022 08:00:43 UTC] PHP Warning:  PHP Startup: Unable to load dynamic library 'php_imagick.dll' (tried: C:/Fejlesztes/Local/resources/extraResources/lightning-services/php-7.4.1+18/bin/win64/ext\php_imagick.dll (A megadott modul nem található.), C:/Fejlesztes/Local/resources/extraResources/lightning-services/php-7.4.1+18/bin/win64/ext\php_php_imagick.dll.dll (A megadott modul nem található.)) in Unknown on line 0
[17-May-2022 08:00:44 UTC] PHP Warning:  PHP Startup: Unable to load dynamic library 'php_imagick.dll' (tried: C:/Fejlesztes/Local/resources/extraResources/lightning-services/php-7.4.1+18/bin/win64/ext\php_imagick.dll (A megadott modul nem található.), C:/Fejlesztes/Local/resources/extraResources/lightning-services/php-7.4.1+18/bin/win64/ext\php_php_imagick.dll.dll (A megadott modul nem található.)) in Unknown on line 0
[17-May-2022 08:00:44 UTC] PHP Warning:  PHP Startup: Unable to load dynamic library 'php_imagick.dll' (tried: C:/Fejlesztes/Local/resources/extraResources/lightning-services/php-7.4.1+18/bin/win64/ext\php_imagick.dll (A megadott modul nem található.), C:/Fejlesztes/Local/resources/extraResources/lightning-services/php-7.4.1+18/bin/win64/ext\php_php_imagick.dll.dll (A megadott modul nem található.)) in Unknown on line 0
[17-May-2022 08:00:44 UTC] PHP Warning:  PHP Startup: Unable to load dynamic library 'php_imagick.dll' (tried: C:/Fejlesztes/Local/resources/extraResources/lightning-services/php-7.4.1+18/bin/win64/ext\php_imagick.dll (A megadott modul nem található.), C:/Fejlesztes/Local/resources/extraResources/lightning-services/php-7.4.1+18/bin/win64/ext\php_php_imagick.dll.dll (A megadott modul nem található.)) in Unknown on line 0
[17-May-2022 12:15:57 UTC] PHP Warning:  PHP Startup: Unable to load dynamic library 'php_imagick.dll' (tried: C:/Fejlesztes/Local/resources/extraResources/lightning-services/php-7.4.1+18/bin/win64/ext\php_imagick.dll (A megadott modul nem található.), C:/Fejlesztes/Local/resources/extraResources/lightning-services/php-7.4.1+18/bin/win64/ext\php_php_imagick.dll.dll (A megadott modul nem található.)) in Unknown on line 0
[17-May-2022 12:15:57 UTC] PHP Warning:  PHP Startup: Unable to load dynamic library 'php_imagick.dll' (tried: C:/Fejlesztes/Local/resources/extraResources/lightning-services/php-7.4.1+18/bin/win64/ext\php_imagick.dll (A megadott modul nem található.), C:/Fejlesztes/Local/resources/extraResources/lightning-services/php-7.4.1+18/bin/win64/ext\php_php_imagick.dll.dll (A megadott modul nem található.)) in Unknown on line 0
[17-May-2022 12:15:58 UTC] PHP Warning:  PHP Startup: Unable to load dynamic library 'php_imagick.dll' (tried: C:/Fejlesztes/Local/resources/extraResources/lightning-services/php-7.4.1+18/bin/win64/ext\php_imagick.dll (A megadott modul nem található.), C:/Fejlesztes/Local/resources/extraResources/lightning-services/php-7.4.1+18/bin/win64/ext\php_php_imagick.dll.dll (A megadott modul nem található.)) in Unknown on line 0
[17-May-2022 12:15:58 UTC] PHP Warning:  PHP Startup: Unable to load dynamic library 'php_imagick.dll' (tried: C:/Fejlesztes/Local/resources/extraResources/lightning-services/php-7.4.1+18/bin/win64/ext\php_imagick.dll (A megadott modul nem található.), C:/Fejlesztes/Local/resources/extraResources/lightning-services/php-7.4.1+18/bin/win64/ext\php_php_imagick.dll.dll (A megadott modul nem található.)) in Unknown on line 0
[17-May-2022 12:20:32 UTC] PHP Warning:  Failed loading Zend extension 'php_opcache.dll' (tried: C:/Fejlesztes/Local/resources/extraResources/lightning-services/php-7.4.1+18/bin/win64/ext\php_opcache.dll (A megadott modul nem található.), C:/Fejlesztes/Local/resources/extraResources/lightning-services/php-7.4.1+18/bin/win64/ext\php_php_opcache.dll.dll (A megadott modul nem található.)) in Unknown on line 0
[17-May-2022 12:20:32 UTC] PHP Warning:  Failed loading Zend extension 'php_xdebug.dll' (tried: C:/Fejlesztes/Local/resources/extraResources/lightning-services/php-7.4.1+18/bin/win64/ext\php_xdebug.dll (A megadott modul nem található.), C:/Fejlesztes/Local/resources/extraResources/lightning-services/php-7.4.1+18/bin/win64/ext\php_php_xdebug.dll.dll (A megadott modul nem található.)) in Unknown on line 0
[17-May-2022 12:20:32 UTC] PHP Warning:  PHP Startup: Unable to load dynamic library 'php_fileinfo.dll' (tried: C:/Fejlesztes/Local/resources/extraResources/lightning-services/php-7.4.1+18/bin/win64/ext\php_fileinfo.dll (A megadott modul nem található.), C:/Fejlesztes/Local/resources/extraResources/lightning-services/php-7.4.1+18/bin/win64/ext\php_php_fileinfo.dll.dll (A megadott modul nem található.)) in Unknown on line 0
[17-May-2022 12:20:32 UTC] PHP Warning:  PHP Startup: Unable to load dynamic library 'php_curl.dll' (tried: C:/Fejlesztes/Local/resources/extraResources/lightning-services/php-7.4.1+18/bin/win64/ext\php_curl.dll (A megadott modul nem található.), C:/Fejlesztes/Local/resources/extraResources/lightning-services/php-7.4.1+18/bin/win64/ext\php_php_curl.dll.dll (A megadott modul nem található.)) in Unknown on line 0
[17-May-2022 12:20:32 UTC] PHP Warning:  PHP Startup: Unable to load dynamic library 'php_gettext.dll' (tried: C:/Fejlesztes/Local/resources/extraResources/lightning-services/php-7.4.1+18/bin/win64/ext\php_gettext.dll (A megadott modul nem található.), C:/Fejlesztes/Local/resources/extraResources/lightning-services/php-7.4.1+18/bin/win64/ext\php_php_gettext.dll.dll (A megadott modul nem található.)) in Unknown on line 0
[17-May-2022 12:20:32 UTC] PHP Warning:  PHP Startup: Unable to load dynamic library 'php_openssl.dll' (tried: C:/Fejlesztes/Local/resources/extraResources/lightning-services/php-7.4.1+18/bin/win64/ext\php_openssl.dll (A megadott modul nem található.), C:/Fejlesztes/Local/resources/extraResources/lightning-services/php-7.4.1+18/bin/win64/ext\php_php_openssl.dll.dll (A megadott modul nem található.)) in Unknown on line 0
[17-May-2022 12:20:32 UTC] PHP Warning:  PHP Startup: Unable to load dynamic library 'php_exif.dll' (tried: C:/Fejlesztes/Local/resources/extraResources/lightning-services/php-7.4.1+18/bin/win64/ext\php_exif.dll (A megadott modul nem található.), C:/Fejlesztes/Local/resources/extraResources/lightning-services/php-7.4.1+18/bin/win64/ext\php_php_exif.dll.dll (A megadott modul nem található.)) in Unknown on line 0
[17-May-2022 12:20:32 UTC] PHP Warning:  PHP Startup: Unable to load dynamic library 'php_gd2.dll' (tried: C:/Fejlesztes/Local/resources/extraResources/lightning-services/php-7.4.1+18/bin/win64/ext\php_gd2.dll (A megadott modul nem található.), C:/Fejlesztes/Local/resources/extraResources/lightning-services/php-7.4.1+18/bin/win64/ext\php_php_gd2.dll.dll (A megadott modul nem található.)) in Unknown on line 0
[17-May-2022 12:20:32 UTC] PHP Warning:  PHP Startup: Unable to load dynamic library 'php_ftp.dll' (tried: C:/Fejlesztes/Local/resources/extraResources/lightning-services/php-7.4.1+18/bin/win64/ext\php_ftp.dll (A megadott modul nem található.), C:/Fejlesztes/Local/resources/extraResources/lightning-services/php-7.4.1+18/bin/win64/ext\php_php_ftp.dll.dll (A megadott modul nem található.)) in Unknown on line 0
[17-May-2022 12:20:32 UTC] PHP Warning:  PHP Startup: Unable to load dynamic library 'php_imap.dll' (tried: C:/Fejlesztes/Local/resources/extraResources/lightning-services/php-7.4.1+18/bin/win64/ext\php_imap.dll (A megadott modul nem található.), C:/Fejlesztes/Local/resources/extraResources/lightning-services/php-7.4.1+18/bin/win64/ext\php_php_imap.dll.dll (A megadott modul nem található.)) in Unknown on line 0
[17-May-2022 12:20:32 UTC] PHP Warning:  PHP Startup: Unable to load dynamic library 'php_bz2.dll' (tried: C:/Fejlesztes/Local/resources/extraResources/lightning-services/php-7.4.1+18/bin/win64/ext\php_bz2.dll (A megadott modul nem található.), C:/Fejlesztes/Local/resources/extraResources/lightning-services/php-7.4.1+18/bin/win64/ext\php_php_bz2.dll.dll (A megadott modul nem található.)) in Unknown on line 0
[17-May-2022 12:20:32 UTC] PHP Warning:  PHP Startup: Unable to load dynamic library 'php_mbstring.dll' (tried: C:/Fejlesztes/Local/resources/extraResources/lightning-services/php-7.4.1+18/bin/win64/ext\php_mbstring.dll (A megadott modul nem található.), C:/Fejlesztes/Local/resources/extraResources/lightning-services/php-7.4.1+18/bin/win64/ext\php_php_mbstring.dll.dll (A megadott modul nem található.)) in Unknown on line 0
[17-May-2022 12:20:32 UTC] PHP Warning:  PHP Startup: Unable to load dynamic library 'php_sodium.dll' (tried: C:/Fejlesztes/Local/resources/extraResources/lightning-services/php-7.4.1+18/bin/win64/ext\php_sodium.dll (A megadott modul nem található.), C:/Fejlesztes/Local/resources/extraResources/lightning-services/php-7.4.1+18/bin/win64/ext\php_php_sodium.dll.dll (A megadott modul nem található.)) in Unknown on line 0
[17-May-2022 12:20:32 UTC] PHP Warning:  PHP Startup: Unable to load dynamic library 'php_tidy.dll' (tried: C:/Fejlesztes/Local/resources/extraResources/lightning-services/php-7.4.1+18/bin/win64/ext\php_tidy.dll (A megadott modul nem található.), C:/Fejlesztes/Local/resources/extraResources/lightning-services/php-7.4.1+18/bin/win64/ext\php_php_tidy.dll.dll (A megadott modul nem található.)) in Unknown on line 0
[17-May-2022 12:20:32 UTC] PHP Warning:  PHP Startup: Unable to load dynamic library 'php_xsl.dll' (tried: C:/Fejlesztes/Local/resources/extraResources/lightning-services/php-7.4.1+18/bin/win64/ext\php_xsl.dll (A megadott modul nem található.), C:/Fejlesztes/Local/resources/extraResources/lightning-services/php-7.4.1+18/bin/win64/ext\php_php_xsl.dll.dll (A megadott modul nem található.)) in Unknown on line 0
[17-May-2022 12:20:32 UTC] PHP Warning:  PHP Startup: Unable to load dynamic library 'php_xmlrpc.dll' (tried: C:/Fejlesztes/Local/resources/extraResources/lightning-services/php-7.4.1+18/bin/win64/ext\php_xmlrpc.dll (A megadott modul nem található.), C:/Fejlesztes/Local/resources/extraResources/lightning-services/php-7.4.1+18/bin/win64/ext\php_php_xmlrpc.dll.dll (A megadott modul nem található.)) in Unknown on line 0
[17-May-2022 12:20:32 UTC] PHP Warning:  PHP Startup: Unable to load dynamic library 'php_soap.dll' (tried: C:/Fejlesztes/Local/resources/extraResources/lightning-services/php-7.4.1+18/bin/win64/ext\php_soap.dll (A megadott modul nem található.), C:/Fejlesztes/Local/resources/extraResources/lightning-services/php-7.4.1+18/bin/win64/ext\php_php_soap.dll.dll (A megadott modul nem található.)) in Unknown on line 0
[17-May-2022 12:20:32 UTC] PHP Warning:  PHP Startup: Unable to load dynamic library 'php_mysqli.dll' (tried: C:/Fejlesztes/Local/resources/extraResources/lightning-services/php-7.4.1+18/bin/win64/ext\php_mysqli.dll (A megadott modul nem található.), C:/Fejlesztes/Local/resources/extraResources/lightning-services/php-7.4.1+18/bin/win64/ext\php_php_mysqli.dll.dll (A megadott modul nem található.)) in Unknown on line 0
[17-May-2022 12:20:32 UTC] PHP Warning:  PHP Startup: Unable to load dynamic library 'php_pdo_mysql.dll' (tried: C:/Fejlesztes/Local/resources/extraResources/lightning-services/php-7.4.1+18/bin/win64/ext\php_pdo_mysql.dll (A megadott modul nem található.), C:/Fejlesztes/Local/resources/extraResources/lightning-services/php-7.4.1+18/bin/win64/ext\php_php_pdo_mysql.dll.dll (A megadott modul nem található.)) in Unknown on line 0
[17-May-2022 12:20:32 UTC] PHP Warning:  PHP Startup: Unable to load dynamic library 'php_imagick.dll' (tried: C:/Fejlesztes/Local/resources/extraResources/lightning-services/php-7.4.1+18/bin/win64/ext\php_imagick.dll (A megadott modul nem található.), C:/Fejlesztes/Local/resources/extraResources/lightning-services/php-7.4.1+18/bin/win64/ext\php_php_imagick.dll.dll (A megadott modul nem található.)) in Unknown on line 0
[17-May-2022 12:20:32 UTC] PHP Warning:  Unknown: failed to open stream: No such file or directory in Unknown on line 0
[17-May-2022 12:20:32 UTC] PHP Fatal error:  Unknown: Failed opening required 'C:/Fejlesztes/Local/resources/extraResources/local-bootstrap.php' (include_path='.:/usr/share/php:/www/wp-content/pear') in Unknown on line 0
[17-May-2022 12:20:32 UTC] PHP Warning:  Failed loading Zend extension 'php_opcache.dll' (tried: C:/Fejlesztes/Local/resources/extraResources/lightning-services/php-7.4.1+18/bin/win64/ext\php_opcache.dll (A megadott modul nem található.), C:/Fejlesztes/Local/resources/extraResources/lightning-services/php-7.4.1+18/bin/win64/ext\php_php_opcache.dll.dll (A megadott modul nem található.)) in Unknown on line 0
[17-May-2022 12:20:32 UTC] PHP Warning:  Failed loading Zend extension 'php_xdebug.dll' (tried: C:/Fejlesztes/Local/resources/extraResources/lightning-services/php-7.4.1+18/bin/win64/ext\php_xdebug.dll (A megadott modul nem található.), C:/Fejlesztes/Local/resources/extraResources/lightning-services/php-7.4.1+18/bin/win64/ext\php_php_xdebug.dll.dll (A megadott modul nem található.)) in Unknown on line 0
[17-May-2022 12:20:32 UTC] PHP Warning:  PHP Startup: Unable to load dynamic library 'php_fileinfo.dll' (tried: C:/Fejlesztes/Local/resources/extraResources/lightning-services/php-7.4.1+18/bin/win64/ext\php_fileinfo.dll (A megadott modul nem található.), C:/Fejlesztes/Local/resources/extraResources/lightning-services/php-7.4.1+18/bin/win64/ext\php_php_fileinfo.dll.dll (A megadott modul nem található.)) in Unknown on line 0
[17-May-2022 12:20:32 UTC] PHP Warning:  PHP Startup: Unable to load dynamic library 'php_curl.dll' (tried: C:/Fejlesztes/Local/resources/extraResources/lightning-services/php-7.4.1+18/bin/win64/ext\php_curl.dll (A megadott modul nem található.), C:/Fejlesztes/Local/resources/extraResources/lightning-services/php-7.4.1+18/bin/win64/ext\php_php_curl.dll.dll (A megadott modul nem található.)) in Unknown on line 0
[17-May-2022 12:20:32 UTC] PHP Warning:  PHP Startup: Unable to load dynamic library 'php_gettext.dll' (tried: C:/Fejlesztes/Local/resources/extraResources/lightning-services/php-7.4.1+18/bin/win64/ext\php_gettext.dll (A megadott modul nem található.), C:/Fejlesztes/Local/resources/extraResources/lightning-services/php-7.4.1+18/bin/win64/ext\php_php_gettext.dll.dll (A megadott modul nem található.)) in Unknown on line 0
[17-May-2022 12:20:32 UTC] PHP Warning:  PHP Startup: Unable to load dynamic library 'php_openssl.dll' (tried: C:/Fejlesztes/Local/resources/extraResources/lightning-services/php-7.4.1+18/bin/win64/ext\php_openssl.dll (A megadott modul nem található.), C:/Fejlesztes/Local/resources/extraResources/lightning-services/php-7.4.1+18/bin/win64/ext\php_php_openssl.dll.dll (A megadott modul nem található.)) in Unknown on line 0
[17-May-2022 12:20:32 UTC] PHP Warning:  PHP Startup: Unable to load dynamic library 'php_exif.dll' (tried: C:/Fejlesztes/Local/resources/extraResources/lightning-services/php-7.4.1+18/bin/win64/ext\php_exif.dll (A megadott modul nem található.), C:/Fejlesztes/Local/resources/extraResources/lightning-services/php-7.4.1+18/bin/win64/ext\php_php_exif.dll.dll (A megadott modul nem található.)) in Unknown on line 0
[17-May-2022 12:20:32 UTC] PHP Warning:  PHP Startup: Unable to load dynamic library 'php_gd2.dll' (tried: C:/Fejlesztes/Local/resources/extraResources/lightning-services/php-7.4.1+18/bin/win64/ext\php_gd2.dll (A megadott modul nem található.), C:/Fejlesztes/Local/resources/extraResources/lightning-services/php-7.4.1+18/bin/win64/ext\php_php_gd2.dll.dll (A megadott modul nem található.)) in Unknown on line 0
[17-May-2022 12:20:32 UTC] PHP Warning:  PHP Startup: Unable to load dynamic library 'php_ftp.dll' (tried: C:/Fejlesztes/Local/resources/extraResources/lightning-services/php-7.4.1+18/bin/win64/ext\php_ftp.dll (A megadott modul nem található.), C:/Fejlesztes/Local/resources/extraResources/lightning-services/php-7.4.1+18/bin/win64/ext\php_php_ftp.dll.dll (A megadott modul nem található.)) in Unknown on line 0
[17-May-2022 12:20:32 UTC] PHP Warning:  PHP Startup: Unable to load dynamic library 'php_imap.dll' (tried: C:/Fejlesztes/Local/resources/extraResources/lightning-services/php-7.4.1+18/bin/win64/ext\php_imap.dll (A megadott modul nem található.), C:/Fejlesztes/Local/resources/extraResources/lightning-services/php-7.4.1+18/bin/win64/ext\php_php_imap.dll.dll (A megadott modul nem található.)) in Unknown on line 0
[17-May-2022 12:20:32 UTC] PHP Warning:  PHP Startup: Unable to load dynamic library 'php_bz2.dll' (tried: C:/Fejlesztes/Local/resources/extraResources/lightning-services/php-7.4.1+18/bin/win64/ext\php_bz2.dll (A megadott modul nem található.), C:/Fejlesztes/Local/resources/extraResources/lightning-services/php-7.4.1+18/bin/win64/ext\php_php_bz2.dll.dll (A megadott modul nem található.)) in Unknown on line 0
[17-May-2022 12:20:32 UTC] PHP Warning:  PHP Startup: Unable to load dynamic library 'php_mbstring.dll' (tried: C:/Fejlesztes/Local/resources/extraResources/lightning-services/php-7.4.1+18/bin/win64/ext\php_mbstring.dll (A megadott modul nem található.), C:/Fejlesztes/Local/resources/extraResources/lightning-services/php-7.4.1+18/bin/win64/ext\php_php_mbstring.dll.dll (A megadott modul nem található.)) in Unknown on line 0
[17-May-2022 12:20:32 UTC] PHP Warning:  PHP Startup: Unable to load dynamic library 'php_sodium.dll' (tried: C:/Fejlesztes/Local/resources/extraResources/lightning-services/php-7.4.1+18/bin/win64/ext\php_sodium.dll (A megadott modul nem található.), C:/Fejlesztes/Local/resources/extraResources/lightning-services/php-7.4.1+18/bin/win64/ext\php_php_sodium.dll.dll (A megadott modul nem található.)) in Unknown on line 0
[17-May-2022 12:20:32 UTC] PHP Warning:  PHP Startup: Unable to load dynamic library 'php_tidy.dll' (tried: C:/Fejlesztes/Local/resources/extraResources/lightning-services/php-7.4.1+18/bin/win64/ext\php_tidy.dll (A megadott modul nem található.), C:/Fejlesztes/Local/resources/extraResources/lightning-services/php-7.4.1+18/bin/win64/ext\php_php_tidy.dll.dll (A megadott modul nem található.)) in Unknown on line 0
[17-May-2022 12:20:32 UTC] PHP Warning:  PHP Startup: Unable to load dynamic library 'php_xsl.dll' (tried: C:/Fejlesztes/Local/resources/extraResources/lightning-services/php-7.4.1+18/bin/win64/ext\php_xsl.dll (A megadott modul nem található.), C:/Fejlesztes/Local/resources/extraResources/lightning-services/php-7.4.1+18/bin/win64/ext\php_php_xsl.dll.dll (A megadott modul nem található.)) in Unknown on line 0
[17-May-2022 12:20:32 UTC] PHP Warning:  PHP Startup: Unable to load dynamic library 'php_xmlrpc.dll' (tried: C:/Fejlesztes/Local/resources/extraResources/lightning-services/php-7.4.1+18/bin/win64/ext\php_xmlrpc.dll (A megadott modul nem található.), C:/Fejlesztes/Local/resources/extraResources/lightning-services/php-7.4.1+18/bin/win64/ext\php_php_xmlrpc.dll.dll (A megadott modul nem található.)) in Unknown on line 0
[17-May-2022 12:20:32 UTC] PHP Warning:  PHP Startup: Unable to load dynamic library 'php_soap.dll' (tried: C:/Fejlesztes/Local/resources/extraResources/lightning-services/php-7.4.1+18/bin/win64/ext\php_soap.dll (A megadott modul nem található.), C:/Fejlesztes/Local/resources/extraResources/lightning-services/php-7.4.1+18/bin/win64/ext\php_php_soap.dll.dll (A megadott modul nem található.)) in Unknown on line 0
[17-May-2022 12:20:32 UTC] PHP Warning:  PHP Startup: Unable to load dynamic library 'php_mysqli.dll' (tried: C:/Fejlesztes/Local/resources/extraResources/lightning-services/php-7.4.1+18/bin/win64/ext\php_mysqli.dll (A megadott modul nem található.), C:/Fejlesztes/Local/resources/extraResources/lightning-services/php-7.4.1+18/bin/win64/ext\php_php_mysqli.dll.dll (A megadott modul nem található.)) in Unknown on line 0
[17-May-2022 12:20:32 UTC] PHP Warning:  PHP Startup: Unable to load dynamic library 'php_pdo_mysql.dll' (tried: C:/Fejlesztes/Local/resources/extraResources/lightning-services/php-7.4.1+18/bin/win64/ext\php_pdo_mysql.dll (A megadott modul nem található.), C:/Fejlesztes/Local/resources/extraResources/lightning-services/php-7.4.1+18/bin/win64/ext\php_php_pdo_mysql.dll.dll (A megadott modul nem található.)) in Unknown on line 0
[17-May-2022 12:20:32 UTC] PHP Warning:  PHP Startup: Unable to load dynamic library 'php_imagick.dll' (tried: C:/Fejlesztes/Local/resources/extraResources/lightning-services/php-7.4.1+18/bin/win64/ext\php_imagick.dll (A megadott modul nem található.), C:/Fejlesztes/Local/resources/extraResources/lightning-services/php-7.4.1+18/bin/win64/ext\php_php_imagick.dll.dll (A megadott modul nem található.)) in Unknown on line 0
[17-May-2022 12:20:32 UTC] PHP Warning:  Unknown: failed to open stream: No such file or directory in Unknown on line 0
[17-May-2022 12:20:32 UTC] PHP Fatal error:  Unknown: Failed opening required 'C:/Fejlesztes/Local/resources/extraResources/local-bootstrap.php' (include_path='.:/usr/share/php:/www/wp-content/pear') in Unknown on line 0
[18-May-2022 09:26:10 UTC] PHP Parse error:  syntax error, unexpected '}', expecting ';' or ',' in C:\Users\ivor.szaniszlo\Local Sites\intranet\app\public\wp-content\themes\intranet\index.php on line 4
[18-May-2022 09:27:02 UTC] PHP Parse error:  syntax error, unexpected '}', expecting ';' or ',' in C:\Users\ivor.szaniszlo\Local Sites\intranet\app\public\wp-content\themes\intranet\index.php on line 4
[18-May-2022 09:27:21 UTC] PHP Parse error:  syntax error, unexpected '}' in C:\Users\ivor.szaniszlo\Local Sites\intranet\app\public\wp-content\themes\intranet\index.php on line 4
[18-May-2022 09:33:21 UTC] PHP Fatal error:  Uncaught ArgumentCountError: Too few arguments to function greet(), 1 passed in C:\Users\ivor.szaniszlo\Local Sites\intranet\app\public\wp-content\themes\intranet\index.php on line 8 and exactly 2 expected in C:\Users\ivor.szaniszlo\Local Sites\intranet\app\public\wp-content\themes\intranet\index.php:2
Stack trace:
#0 C:\Users\ivor.szaniszlo\Local Sites\intranet\app\public\wp-content\themes\intranet\index.php(8): greet('Jane')
#1 C:\Users\ivor.szaniszlo\Local Sites\intranet\app\public\wp-includes\template-loader.php(106): include('C:\\Users\\ivor.s...')
#2 C:\Users\ivor.szaniszlo\Local Sites\intranet\app\public\wp-blog-header.php(19): require_once('C:\\Users\\ivor.s...')
#3 C:\Users\ivor.szaniszlo\Local Sites\intranet\app\public\index.php(17): require('C:\\Users\\ivor.s...')
#4 {main}
  thrown in C:\Users\ivor.szaniszlo\Local Sites\intranet\app\public\wp-content\themes\intranet\index.php on line 2
[18-May-2022 09:37:10 UTC] PHP Parse error:  syntax error, unexpected '/' in C:\Users\ivor.szaniszlo\Local Sites\intranet\app\public\wp-content\themes\intranet\index.php on line 12
[18-May-2022 09:38:00 UTC] PHP Parse error:  syntax error, unexpected '/' in C:\Users\ivor.szaniszlo\Local Sites\intranet\app\public\wp-content\themes\intranet\index.php on line 12
[18-May-2022 11:12:30 UTC] PHP Parse error:  syntax error, unexpected end of file in C:\Users\ivor.szaniszlo\Local Sites\intranet\app\public\wp-content\themes\intranet\index.php on line 8
[18-May-2022 14:23:32 UTC] PHP Parse error:  syntax error, unexpected '}', expecting end of file in C:\Users\ivor.szaniszlo\Local Sites\intranet\app\public\wp-content\themes\intranet\functions.php on line 7
[18-May-2022 14:23:53 UTC] PHP Parse error:  syntax error, unexpected '}', expecting end of file in C:\Users\ivor.szaniszlo\Local Sites\intranet\app\public\wp-content\themes\intranet\functions.php on line 7
[18-May-2022 14:23:53 UTC] PHP Parse error:  syntax error, unexpected '}', expecting end of file in C:\Users\ivor.szaniszlo\Local Sites\intranet\app\public\wp-content\themes\intranet\functions.php on line 7
[19-May-2022 13:36:01 UTC] PHP Fatal error:  Uncaught Error: Call to undefined function language_attribute() in C:\Users\ivor.szaniszlo\Local Sites\intranet\app\public\wp-content\themes\intranet\header.php:2
Stack trace:
#0 C:\Users\ivor.szaniszlo\Local Sites\intranet\app\public\wp-includes\template.php(770): require_once()
#1 C:\Users\ivor.szaniszlo\Local Sites\intranet\app\public\wp-includes\template.php(716): load_template('C:\\Users\\ivor.s...', true, Array)
#2 C:\Users\ivor.szaniszlo\Local Sites\intranet\app\public\wp-includes\general-template.php(48): locate_template(Array, true, true, Array)
#3 C:\Users\ivor.szaniszlo\Local Sites\intranet\app\public\wp-content\themes\intranet\page.php(3): get_header()
#4 C:\Users\ivor.szaniszlo\Local Sites\intranet\app\public\wp-includes\template-loader.php(106): include('C:\\Users\\ivor.s...')
#5 C:\Users\ivor.szaniszlo\Local Sites\intranet\app\public\wp-blog-header.php(19): require_once('C:\\Users\\ivor.s...')
#6 C:\Users\ivor.szaniszlo\Local Sites\intranet\app\public\index.php(17): require('C:\\Users\\ivor.s.. in C:\Users\ivor.szaniszlo\Local Sites\intranet\app\public\wp-content\themes\intranet\header.php on line 2
[26-May-2022 08:29:12 UTC] PHP Fatal error:  Uncaught Error: Call to undefined function the_archive_discription() in C:\Users\ivor.szaniszlo\Local Sites\intranet\app\public\wp-content\themes\intranet\archive.php:10
Stack trace:
#0 C:\Users\ivor.szaniszlo\Local Sites\intranet\app\public\wp-includes\template-loader.php(106): include()
#1 C:\Users\ivor.szaniszlo\Local Sites\intranet\app\public\wp-blog-header.php(19): require_once('C:\\Users\\ivor.s...')
#2 C:\Users\ivor.szaniszlo\Local Sites\intranet\app\public\index.php(17): require('C:\\Users\\ivor.s...')
#3 {main}
  thrown in C:\Users\ivor.szaniszlo\Local Sites\intranet\app\public\wp-content\themes\intranet\archive.php on line 10
[26-May-2022 08:59:20 UTC] PHP Parse error:  syntax error, unexpected '$homepagePosts' (T_VARIABLE) in C:\Users\ivor.szaniszlo\Local Sites\intranet\app\public\wp-content\themes\intranet\front-page.php on line 46
[26-May-2022 11:00:09 UTC] PHP Warning:  call_user_func_array() expects parameter 1 to be a valid callback, function 'intranet_post_types' not found or invalid function name in C:\Users\ivor.szaniszlo\Local Sites\intranet\app\public\wp-includes\class-wp-hook.php on line 307
[26-May-2022 11:00:09 UTC] PHP Stack trace:
[26-May-2022 11:00:09 UTC] PHP   1. {main}() C:\Users\ivor.szaniszlo\Local Sites\intranet\app\public\wp-admin\admin-ajax.php:0
[26-May-2022 11:00:09 UTC] PHP   2. require_once() C:\Users\ivor.szaniszlo\Local Sites\intranet\app\public\wp-admin\admin-ajax.php:22
[26-May-2022 11:00:09 UTC] PHP   3. require_once() C:\Users\ivor.szaniszlo\Local Sites\intranet\app\public\wp-load.php:50
[26-May-2022 11:00:09 UTC] PHP   4. require_once() C:\Users\ivor.szaniszlo\Local Sites\intranet\app\public\wp-config.php:91
[26-May-2022 11:00:09 UTC] PHP   5. do_action() C:\Users\ivor.szaniszlo\Local Sites\intranet\app\public\wp-settings.php:587
[26-May-2022 11:00:09 UTC] PHP   6. WP_Hook->do_action() C:\Users\ivor.szaniszlo\Local Sites\intranet\app\public\wp-includes\plugin.php:474
[26-May-2022 11:00:09 UTC] PHP   7. WP_Hook->apply_filters() C:\Users\ivor.szaniszlo\Local Sites\intranet\app\public\wp-includes\class-wp-hook.php:331
[26-May-2022 11:00:10 UTC] PHP Warning:  call_user_func_array() expects parameter 1 to be a valid callback, function 'intranet_post_types' not found or invalid function name in C:\Users\ivor.szaniszlo\Local Sites\intranet\app\public\wp-includes\class-wp-hook.php on line 307
[26-May-2022 11:00:10 UTC] PHP Stack trace:
[26-May-2022 11:00:10 UTC] PHP   1. {main}() C:\Users\ivor.szaniszlo\Local Sites\intranet\app\public\wp-admin\edit.php:0
[26-May-2022 11:00:10 UTC] PHP   2. require_once() C:\Users\ivor.szaniszlo\Local Sites\intranet\app\public\wp-admin\edit.php:10
[26-May-2022 11:00:10 UTC] PHP   3. require_once() C:\Users\ivor.szaniszlo\Local Sites\intranet\app\public\wp-admin\admin.php:34
[26-May-2022 11:00:10 UTC] PHP   4. require_once() C:\Users\ivor.szaniszlo\Local Sites\intranet\app\public\wp-load.php:50
[26-May-2022 11:00:10 UTC] PHP   5. require_once() C:\Users\ivor.szaniszlo\Local Sites\intranet\app\public\wp-config.php:91
[26-May-2022 11:00:10 UTC] PHP   6. do_action() C:\Users\ivor.szaniszlo\Local Sites\intranet\app\public\wp-settings.php:587
[26-May-2022 11:00:10 UTC] PHP   7. WP_Hook->do_action() C:\Users\ivor.szaniszlo\Local Sites\intranet\app\public\wp-includes\plugin.php:474
[26-May-2022 11:00:10 UTC] PHP   8. WP_Hook->apply_filters() C:\Users\ivor.szaniszlo\Local Sites\intranet\app\public\wp-includes\class-wp-hook.php:331
[26-May-2022 11:00:11 UTC] PHP Warning:  call_user_func_array() expects parameter 1 to be a valid callback, function 'intranet_post_types' not found or invalid function name in C:\Users\ivor.szaniszlo\Local Sites\intranet\app\public\wp-includes\class-wp-hook.php on line 307
[26-May-2022 11:00:11 UTC] PHP Stack trace:
[26-May-2022 11:00:11 UTC] PHP   1. {main}() C:\Users\ivor.szaniszlo\Local Sites\intranet\app\public\index.php:0
[26-May-2022 11:00:11 UTC] PHP   2. require() C:\Users\ivor.szaniszlo\Local Sites\intranet\app\public\index.php:17
[26-May-2022 11:00:11 UTC] PHP   3. require_once() C:\Users\ivor.szaniszlo\Local Sites\intranet\app\public\wp-blog-header.php:13
[26-May-2022 11:00:11 UTC] PHP   4. require_once() C:\Users\ivor.szaniszlo\Local Sites\intranet\app\public\wp-load.php:50
[26-May-2022 11:00:11 UTC] PHP   5. require_once() C:\Users\ivor.szaniszlo\Local Sites\intranet\app\public\wp-config.php:91
[26-May-2022 11:00:11 UTC] PHP   6. do_action() C:\Users\ivor.szaniszlo\Local Sites\intranet\app\public\wp-settings.php:587
[26-May-2022 11:00:11 UTC] PHP   7. WP_Hook->do_action() C:\Users\ivor.szaniszlo\Local Sites\intranet\app\public\wp-includes\plugin.php:474
[26-May-2022 11:00:11 UTC] PHP   8. WP_Hook->apply_filters() C:\Users\ivor.szaniszlo\Local Sites\intranet\app\public\wp-includes\class-wp-hook.php:331
[26-May-2022 11:00:12 UTC] PHP Warning:  call_user_func_array() expects parameter 1 to be a valid callback, function 'intranet_post_types' not found or invalid function name in C:\Users\ivor.szaniszlo\Local Sites\intranet\app\public\wp-includes\class-wp-hook.php on line 307
[26-May-2022 11:00:12 UTC] PHP Stack trace:
[26-May-2022 11:00:12 UTC] PHP   1. {main}() C:\Users\ivor.szaniszlo\Local Sites\intranet\app\public\wp-admin\post.php:0
[26-May-2022 11:00:12 UTC] PHP   2. require_once() C:\Users\ivor.szaniszlo\Local Sites\intranet\app\public\wp-admin\post.php:12
[26-May-2022 11:00:12 UTC] PHP   3. require_once() C:\Users\ivor.szaniszlo\Local Sites\intranet\app\public\wp-admin\admin.php:34
[26-May-2022 11:00:12 UTC] PHP   4. require_once() C:\Users\ivor.szaniszlo\Local Sites\intranet\app\public\wp-load.php:50
[26-May-2022 11:00:12 UTC] PHP   5. require_once() C:\Users\ivor.szaniszlo\Local Sites\intranet\app\public\wp-config.php:91
[26-May-2022 11:00:12 UTC] PHP   6. do_action() C:\Users\ivor.szaniszlo\Local Sites\intranet\app\public\wp-settings.php:587
[26-May-2022 11:00:12 UTC] PHP   7. WP_Hook->do_action() C:\Users\ivor.szaniszlo\Local Sites\intranet\app\public\wp-includes\plugin.php:474
[26-May-2022 11:00:12 UTC] PHP   8. WP_Hook->apply_filters() C:\Users\ivor.szaniszlo\Local Sites\intranet\app\public\wp-includes\class-wp-hook.php:331
[26-May-2022 11:00:16 UTC] PHP Warning:  call_user_func_array() expects parameter 1 to be a valid callback, function 'intranet_post_types' not found or invalid function name in C:\Users\ivor.szaniszlo\Local Sites\intranet\app\public\wp-includes\class-wp-hook.php on line 307
[26-May-2022 11:00:16 UTC] PHP Stack trace:
[26-May-2022 11:00:16 UTC] PHP   1. {main}() C:\Users\ivor.szaniszlo\Local Sites\intranet\app\public\index.php:0
[26-May-2022 11:00:16 UTC] PHP   2. require() C:\Users\ivor.szaniszlo\Local Sites\intranet\app\public\index.php:17
[26-May-2022 11:00:16 UTC] PHP   3. require_once() C:\Users\ivor.szaniszlo\Local Sites\intranet\app\public\wp-blog-header.php:13
[26-May-2022 11:00:16 UTC] PHP   4. require_once() C:\Users\ivor.szaniszlo\Local Sites\intranet\app\public\wp-load.php:50
[26-May-2022 11:00:16 UTC] PHP   5. require_once() C:\Users\ivor.szaniszlo\Local Sites\intranet\app\public\wp-config.php:91
[26-May-2022 11:00:16 UTC] PHP   6. do_action() C:\Users\ivor.szaniszlo\Local Sites\intranet\app\public\wp-settings.php:587
[26-May-2022 11:00:16 UTC] PHP   7. WP_Hook->do_action() C:\Users\ivor.szaniszlo\Local Sites\intranet\app\public\wp-includes\plugin.php:474
[26-May-2022 11:00:16 UTC] PHP   8. WP_Hook->apply_filters() C:\Users\ivor.szaniszlo\Local Sites\intranet\app\public\wp-includes\class-wp-hook.php:331
[26-May-2022 11:38:26 UTC] PHP Parse error:  syntax error, unexpected 'the_title' (T_STRING) in C:\Users\ivor.szaniszlo\Local Sites\intranet\app\public\wp-content\themes\intranet\front-page.php on line 32
[26-May-2022 11:38:42 UTC] PHP Parse error:  syntax error, unexpected ')', expecting ';' or ',' in C:\Users\ivor.szaniszlo\Local Sites\intranet\app\public\wp-content\themes\intranet\front-page.php on line 33
[26-May-2022 13:41:28 UTC] PHP Parse error:  syntax error, unexpected 'excerpt' (T_STRING) in C:\Users\ivor.szaniszlo\Local Sites\intranet\app\public\wp-content\themes\intranet\front-page.php on line 65
[27-May-2022 08:25:06 UTC] PHP Fatal error:  Uncaught Error: Call to undefined function get_post_type_arcive_link() in C:\Users\ivor.szaniszlo\Local Sites\intranet\app\public\wp-content\themes\intranet\header.php:26
Stack trace:
#0 C:\Users\ivor.szaniszlo\Local Sites\intranet\app\public\wp-includes\template.php(770): require_once()
#1 C:\Users\ivor.szaniszlo\Local Sites\intranet\app\public\wp-includes\template.php(716): load_template('C:\\Users\\ivor.s...', true, Array)
#2 C:\Users\ivor.szaniszlo\Local Sites\intranet\app\public\wp-includes\general-template.php(48): locate_template(Array, true, true, Array)
#3 C:\Users\ivor.szaniszlo\Local Sites\intranet\app\public\wp-content\themes\intranet\archive-event.php(3): get_header()
#4 C:\Users\ivor.szaniszlo\Local Sites\intranet\app\public\wp-includes\template-loader.php(106): include('C:\\Users\\ivor.s...')
#5 C:\Users\ivor.szaniszlo\Local Sites\intranet\app\public\wp-blog-header.php(19): require_once('C:\\Users\\ivor.s...')
#6 C:\Users\ivor.szaniszlo\Local Sites\intranet\app\public\index.php(17): require('C: in C:\Users\ivor.szaniszlo\Local Sites\intranet\app\public\wp-content\themes\intranet\header.php on line 26
[27-May-2022 08:27:12 UTC] PHP Fatal error:  Uncaught Error: Call to undefined function get_post_type_arcive_link() in C:\Users\ivor.szaniszlo\Local Sites\intranet\app\public\wp-content\themes\intranet\header.php:26
Stack trace:
#0 C:\Users\ivor.szaniszlo\Local Sites\intranet\app\public\wp-includes\template.php(770): require_once()
#1 C:\Users\ivor.szaniszlo\Local Sites\intranet\app\public\wp-includes\template.php(716): load_template('C:\\Users\\ivor.s...', true, Array)
#2 C:\Users\ivor.szaniszlo\Local Sites\intranet\app\public\wp-includes\general-template.php(48): locate_template(Array, true, true, Array)
#3 C:\Users\ivor.szaniszlo\Local Sites\intranet\app\public\wp-content\themes\intranet\archive-event.php(3): get_header()
#4 C:\Users\ivor.szaniszlo\Local Sites\intranet\app\public\wp-includes\template-loader.php(106): include('C:\\Users\\ivor.s...')
#5 C:\Users\ivor.szaniszlo\Local Sites\intranet\app\public\wp-blog-header.php(19): require_once('C:\\Users\\ivor.s...')
#6 C:\Users\ivor.szaniszlo\Local Sites\intranet\app\public\index.php(17): require('C: in C:\Users\ivor.szaniszlo\Local Sites\intranet\app\public\wp-content\themes\intranet\header.php on line 26
[27-May-2022 08:28:37 UTC] PHP Fatal error:  Uncaught Error: Call to undefined function get_post_type_arcive_link() in C:\Users\ivor.szaniszlo\Local Sites\intranet\app\public\wp-content\themes\intranet\header.php:26
Stack trace:
#0 C:\Users\ivor.szaniszlo\Local Sites\intranet\app\public\wp-includes\template.php(770): require_once()
#1 C:\Users\ivor.szaniszlo\Local Sites\intranet\app\public\wp-includes\template.php(716): load_template('C:\\Users\\ivor.s...', true, Array)
#2 C:\Users\ivor.szaniszlo\Local Sites\intranet\app\public\wp-includes\general-template.php(48): locate_template(Array, true, true, Array)
#3 C:\Users\ivor.szaniszlo\Local Sites\intranet\app\public\wp-content\themes\intranet\archive-event.php(3): get_header()
#4 C:\Users\ivor.szaniszlo\Local Sites\intranet\app\public\wp-includes\template-loader.php(106): include('C:\\Users\\ivor.s...')
#5 C:\Users\ivor.szaniszlo\Local Sites\intranet\app\public\wp-blog-header.php(19): require_once('C:\\Users\\ivor.s...')
#6 C:\Users\ivor.szaniszlo\Local Sites\intranet\app\public\index.php(17): require('C: in C:\Users\ivor.szaniszlo\Local Sites\intranet\app\public\wp-content\themes\intranet\header.php on line 26
